


ARM Macro Assembler    Page 1 


    1 00000000                 AREA             RESET, DATA, READONLY
    2 00000000                 EXPORT           __Vectors
    3 00000000         __Vectors
    4 00000000 10001000        DCD              0x10001000
    5 00000004 00000000        DCD              Reset_Handler
    6 00000008                 ALIGN
    7 00000008                 AREA             mycode, CODE, READONLY
    8 00000000                 ENTRY
    9 00000000                 EXPORT           Reset_Handler
   10 00000000         Reset_Handler
   11 00000000 4802            LDR              R0, =SRC
   12 00000002 6801            LDR              R1, [R0]
   13 00000004 6A42            LDR              R2, [R0, #36]
   14 00000006 6002            STR              R2, [R0]
   15 00000008 6241            STR              R1, [R0, #36]
   16 0000000A E7FE    STOP    B                STOP
   17 0000000C 00000000        AREA             mydata, DATA, READWRITE
   18 00000000 12345678 
              23095340 
              34567890 
              ABCDE123 
              123ABCDE 
              FEDCBA12 
              89FEDCBA 
              24ACDF67 
              DCBF2345 
              567783AC SRC     DCD              0x12345678, 0x23095340, 0x34567
890, 0xABCDE123, 0x123ABCDE, 0xFEDCBA12, 0x89FEDCBA, 0x24ACDF67, 0xDCBF2345, 0x
567783AC
   19 00000028                 END
Command Line: --debug --xref --cpu=Cortex-M3 --apcs=interwork --depend=Lab2_Q2_
writeup.d -oLab2_Q2_writeup.o -IC:\Keil\ARM\RV31\INC -IC:\Keil\ARM\CMSIS\Includ
e -IC:\Keil\ARM\Inc\NXP\LPC17xx --predefine="__EVAL SETA 1" --list=Lab2_Q2_writ
eup.lst Lab2_Q2_writeup.asm



ARM Macro Assembler    Page 1 Alphabetic symbol ordering
Relocatable symbols

RESET 00000000

Symbol: RESET
   Definitions
      At line 1 in file Lab2_Q2_writeup.asm
   Uses
      None
Comment: RESET unused
__Vectors 00000000

Symbol: __Vectors
   Definitions
      At line 3 in file Lab2_Q2_writeup.asm
   Uses
      At line 2 in file Lab2_Q2_writeup.asm
Comment: __Vectors used once
2 symbols



ARM Macro Assembler    Page 1 Alphabetic symbol ordering
Relocatable symbols

Reset_Handler 00000000

Symbol: Reset_Handler
   Definitions
      At line 10 in file Lab2_Q2_writeup.asm
   Uses
      At line 5 in file Lab2_Q2_writeup.asm
      At line 9 in file Lab2_Q2_writeup.asm

STOP 0000000A

Symbol: STOP
   Definitions
      At line 16 in file Lab2_Q2_writeup.asm
   Uses
      At line 16 in file Lab2_Q2_writeup.asm
Comment: STOP used once
mycode 00000000

Symbol: mycode
   Definitions
      At line 7 in file Lab2_Q2_writeup.asm
   Uses
      None
Comment: mycode unused
3 symbols



ARM Macro Assembler    Page 1 Alphabetic symbol ordering
Relocatable symbols

SRC 00000000

Symbol: SRC
   Definitions
      At line 18 in file Lab2_Q2_writeup.asm
   Uses
      At line 11 in file Lab2_Q2_writeup.asm
Comment: SRC used once
mydata 00000000

Symbol: mydata
   Definitions
      At line 17 in file Lab2_Q2_writeup.asm
   Uses
      None
Comment: mydata unused
2 symbols
340 symbols in table
