


ARM Macro Assembler    Page 1 


    1 00000000                 AREA             RESET, DATA, READONLY
    2 00000000                 EXPORT           __Vectors
    3 00000000         __Vectors
    4 00000000 10001000        DCD              0x10001000
    5 00000004 00000000        DCD              Reset_Handler
    6 00000008                 ALIGN
    7 00000008                 AREA             mycode, CODE, READONLY
    8 00000000                 ENTRY
    9 00000000                 EXPORT           Reset_Handler
   10 00000000         Reset_Handler
   11 00000000 481F            LDR              R0, =SRC
   12 00000002 4920            LDR              R1, =DST
   13 00000004 F850 2B04       LDR              R2, [R0], #4
   14 00000008 F841 2B04       STR              R2, [R1], #4
   15 0000000C F850 2B04       LDR              R2, [R0], #4
   16 00000010 F841 2B04       STR              R2, [R1], #4
   17 00000014 F850 2B04       LDR              R2, [R0], #4
   18 00000018 F841 2B04       STR              R2, [R1], #4
   19 0000001C F850 2B04       LDR              R2, [R0], #4
   20 00000020 F841 2B04       STR              R2, [R1], #4
   21 00000024 F850 2B04       LDR              R2, [R0], #4
   22 00000028 F841 2B04       STR              R2, [R1], #4
   23 0000002C F850 2B04       LDR              R2, [R0], #4
   24 00000030 F841 2B04       STR              R2, [R1], #4
   25 00000034 F850 2B04       LDR              R2, [R0], #4
   26 00000038 F841 2B04       STR              R2, [R1], #4
   27 0000003C F850 2B04       LDR              R2, [R0], #4
   28 00000040 F841 2B04       STR              R2, [R1], #4
   29 00000044 F850 2B04       LDR              R2, [R0], #4
   30 00000048 F841 2B04       STR              R2, [R1], #4
   31 0000004C F850 2B04       LDR              R2, [R0], #4
   32 00000050 F841 2B04       STR              R2, [R1], #4
   33 00000054 E7FE    STOP    B                STOP
   34 00000056 00 00 12345678 
              23095340 
              34567890 
              ABCDE123 
              123ABCDE 
              FEDCBA12 
              89FEDCBA 
              24ACDF67 
              DCBF2345 
              567783AC SRC     DCD              0x12345678, 0x23095340, 0x34567
890, 0xABCDE123, 0x123ABCDE, 0xFEDCBA12, 0x89FEDCBA, 0x24ACDF67, 0xDCBF2345, 0x
567783AC
   35 00000080 00000000 
              00000000         AREA             mydata, DATA, READWRITE
   36 00000000 00000000 
              00000000 
              00000000 
              00000000 
              00000000 
              00000000 
              00000000 
              00000000 
              00000000 
              00000000 DST     DCD              0, 0, 0, 0, 0, 0, 0, 0, 0, 0
   37 00000028                 END
Command Line: --debug --xref --cpu=Cortex-M3 --apcs=interwork --depend=Lab2_Q1_



ARM Macro Assembler    Page 2 


writeup2.d -oLab2_Q1_writeup2.o -IC:\Keil\ARM\RV31\INC -IC:\Keil\ARM\CMSIS\Incl
ude -IC:\Keil\ARM\Inc\NXP\LPC17xx --predefine="__EVAL SETA 1" --list=Lab2_Q1_wr
iteup2.lst Lab2_Q1_writeup2.asm



ARM Macro Assembler    Page 1 Alphabetic symbol ordering
Relocatable symbols

RESET 00000000

Symbol: RESET
   Definitions
      At line 1 in file Lab2_Q1_writeup2.asm
   Uses
      None
Comment: RESET unused
__Vectors 00000000

Symbol: __Vectors
   Definitions
      At line 3 in file Lab2_Q1_writeup2.asm
   Uses
      At line 2 in file Lab2_Q1_writeup2.asm
Comment: __Vectors used once
2 symbols



ARM Macro Assembler    Page 1 Alphabetic symbol ordering
Relocatable symbols

Reset_Handler 00000000

Symbol: Reset_Handler
   Definitions
      At line 10 in file Lab2_Q1_writeup2.asm
   Uses
      At line 5 in file Lab2_Q1_writeup2.asm
      At line 9 in file Lab2_Q1_writeup2.asm

SRC 00000058

Symbol: SRC
   Definitions
      At line 34 in file Lab2_Q1_writeup2.asm
   Uses
      At line 11 in file Lab2_Q1_writeup2.asm
Comment: SRC used once
STOP 00000054

Symbol: STOP
   Definitions
      At line 33 in file Lab2_Q1_writeup2.asm
   Uses
      At line 33 in file Lab2_Q1_writeup2.asm
Comment: STOP used once
mycode 00000000

Symbol: mycode
   Definitions
      At line 7 in file Lab2_Q1_writeup2.asm
   Uses
      None
Comment: mycode unused
4 symbols



ARM Macro Assembler    Page 1 Alphabetic symbol ordering
Relocatable symbols

DST 00000000

Symbol: DST
   Definitions
      At line 36 in file Lab2_Q1_writeup2.asm
   Uses
      At line 12 in file Lab2_Q1_writeup2.asm
Comment: DST used once
mydata 00000000

Symbol: mydata
   Definitions
      At line 35 in file Lab2_Q1_writeup2.asm
   Uses
      None
Comment: mydata unused
2 symbols
341 symbols in table
