


ARM Macro Assembler    Page 1 


    1 00000000                 AREA             RESET, DATA, READONLY
    2 00000000                 EXPORT           __Vectors
    3 00000000         __Vectors
    4 00000000 10001000        DCD              0x10001000
    5 00000004 00000000        DCD              Reset_Handler
    6 00000008                 ALIGN
    7 00000008                 AREA             mycode, CODE, READONLY
    8 00000000                 ENTRY
    9 00000000                 EXPORT           Reset_Handler
   10 00000000         Reset_Handler
   11 00000000 480F            LDR              R0, =SRC
   12 00000002 4910            LDR              R1, =DST
   13 00000004 F04F 020A       MOV              R2, #10
   14 00000008         BACK
   15 00000008 F850 3B04       LDR              R3, [R0], #4
   16 0000000C F841 3B04       STR              R3, [R1], #4
   17 00000010 F1A2 0201       SUB              R2, #1
   18 00000014 D1F8            BNE              BACK
   19 00000016 E7FE    STOP    B                STOP
   20 00000018 12345678 
              23095340 
              34567890 
              ABCDE123 
              123ABCDE 
              FEDCBA12 
              89FEDCBA 
              24ACDF67 
              DCBF2345 
              567783AC SRC     DCD              0x12345678, 0x23095340, 0x34567
890, 0xABCDE123, 0x123ABCDE, 0xFEDCBA12, 0x89FEDCBA, 0x24ACDF67, 0xDCBF2345, 0x
567783AC
   21 00000040 00000000 
              00000000         AREA             mydata, DATA, READWRITE
   22 00000000 00000000 
              00000000 
              00000000 
              00000000 
              00000000 
              00000000 
              00000000 
              00000000 
              00000000 
              00000000 DST     DCD              0, 0, 0, 0, 0, 0, 0, 0, 0, 0
   23 00000028                 END
Command Line: --debug --xref --cpu=Cortex-M3 --apcs=interwork --depend=Lab2_Q1_
writeup4(loop).d -oLab2_Q1_writeup4(loop).o -IC:\Keil\ARM\RV31\INC -IC:\Keil\AR
M\CMSIS\Include -IC:\Keil\ARM\Inc\NXP\LPC17xx --predefine="__EVAL SETA 1" --lis
t=Lab2_Q1_writeup4(loop).lst Lab2_Q1_writeup4(loop).asm



ARM Macro Assembler    Page 1 Alphabetic symbol ordering
Relocatable symbols

RESET 00000000

Symbol: RESET
   Definitions
      At line 1 in file Lab2_Q1_writeup4(loop).asm
   Uses
      None
Comment: RESET unused
__Vectors 00000000

Symbol: __Vectors
   Definitions
      At line 3 in file Lab2_Q1_writeup4(loop).asm
   Uses
      At line 2 in file Lab2_Q1_writeup4(loop).asm
Comment: __Vectors used once
2 symbols



ARM Macro Assembler    Page 1 Alphabetic symbol ordering
Relocatable symbols

BACK 00000008

Symbol: BACK
   Definitions
      At line 14 in file Lab2_Q1_writeup4(loop).asm
   Uses
      At line 18 in file Lab2_Q1_writeup4(loop).asm
Comment: BACK used once
Reset_Handler 00000000

Symbol: Reset_Handler
   Definitions
      At line 10 in file Lab2_Q1_writeup4(loop).asm
   Uses
      At line 5 in file Lab2_Q1_writeup4(loop).asm
      At line 9 in file Lab2_Q1_writeup4(loop).asm

SRC 00000018

Symbol: SRC
   Definitions
      At line 20 in file Lab2_Q1_writeup4(loop).asm
   Uses
      At line 11 in file Lab2_Q1_writeup4(loop).asm
Comment: SRC used once
STOP 00000016

Symbol: STOP
   Definitions
      At line 19 in file Lab2_Q1_writeup4(loop).asm
   Uses
      At line 19 in file Lab2_Q1_writeup4(loop).asm
Comment: STOP used once
mycode 00000000

Symbol: mycode
   Definitions
      At line 7 in file Lab2_Q1_writeup4(loop).asm
   Uses
      None
Comment: mycode unused
5 symbols



ARM Macro Assembler    Page 1 Alphabetic symbol ordering
Relocatable symbols

DST 00000000

Symbol: DST
   Definitions
      At line 22 in file Lab2_Q1_writeup4(loop).asm
   Uses
      At line 12 in file Lab2_Q1_writeup4(loop).asm
Comment: DST used once
mydata 00000000

Symbol: mydata
   Definitions
      At line 21 in file Lab2_Q1_writeup4(loop).asm
   Uses
      None
Comment: mydata unused
2 symbols
342 symbols in table
