


ARM Macro Assembler    Page 1 


    1 00000000                 AREA             RESET, DATA, READONLY
    2 00000000                 EXPORT           __Vectors
    3 00000000         __Vectors
    4 00000000 10001000        DCD              0x10001000
    5 00000004 00000000        DCD              Reset_Handler
    6 00000008                 ALIGN
    7 00000008                 AREA             mycode, CODE, READONLY
    8 00000000                 ENTRY
    9 00000000                 EXPORT           Reset_Handler
   10 00000000         Reset_Handler
   11 00000000 481E            LDR              R0, =SRC
   12 00000002 491F            LDR              R1, =DST
   13 00000004 6802            LDR              R2, [R0]
   14 00000006 600A            STR              R2, [R1]
   15 00000008 F850 3F04       LDR              R3, [R0, #4]!
   16 0000000C F841 3F04       STR              R3, [R1, #4]!
   17 00000010 F850 4F04       LDR              R4, [R0, #4]!
   18 00000014 F841 4F04       STR              R4, [R1, #4]!
   19 00000018 F850 5F04       LDR              R5, [R0, #4]!
   20 0000001C F841 5F04       STR              R5, [R1, #4]!
   21 00000020 F850 6F04       LDR              R6, [R0, #4]!
   22 00000024 F841 6F04       STR              R6, [R1, #4]!
   23 00000028 F850 7F04       LDR              R7, [R0, #4]!
   24 0000002C F841 7F04       STR              R7, [R1, #4]!
   25 00000030 F850 8F04       LDR              R8, [R0, #4]!
   26 00000034 F841 8F04       STR              R8, [R1, #4]!
   27 00000038 F850 9F04       LDR              R9, [R0, #4]!
   28 0000003C F841 9F04       STR              R9, [R1, #4]!
   29 00000040 F850 AF04       LDR              R10, [R0, #4]!
   30 00000044 F841 AF04       STR              R10, [R1, #4]!
   31 00000048 F850 BF04       LDR              R11, [R0, #4]!
   32 0000004C F841 BF04       STR              R11, [R1, #4]!
   33 00000050 E7FE    STOP    B                STOP
   34 00000052 00 00 12345678 
              23095340 
              34567890 
              ABCDE123 
              123ABCDE 
              FEDCBA12 
              89FEDCBA 
              24ACDF67 
              DCBF2345 
              567783AC SRC     DCD              0x12345678, 0x23095340, 0x34567
890, 0xABCDE123, 0x123ABCDE, 0xFEDCBA12, 0x89FEDCBA, 0x24ACDF67, 0xDCBF2345, 0x
567783AC
   35 0000007C 00000000 
              00000000         AREA             mydata, DATA, READWRITE
   36 00000000 00000000 
              00000000 
              00000000 
              00000000 
              00000000 
              00000000 
              00000000 
              00000000 
              00000000 
              00000000 DST     DCD              0, 0, 0, 0, 0, 0, 0, 0, 0, 0
   37 00000028                 END
Command Line: --debug --xref --cpu=Cortex-M3 --apcs=interwork --depend=Lab2_Q1_



ARM Macro Assembler    Page 2 


writeup.d -oLab2_Q1_writeup.o -IC:\Keil\ARM\RV31\INC -IC:\Keil\ARM\CMSIS\Includ
e -IC:\Keil\ARM\Inc\NXP\LPC17xx --predefine="__EVAL SETA 1" --list=Lab2_Q1_writ
eup.lst Lab2_Q1_writeup.asm



ARM Macro Assembler    Page 1 Alphabetic symbol ordering
Relocatable symbols

RESET 00000000

Symbol: RESET
   Definitions
      At line 1 in file Lab2_Q1_writeup.asm
   Uses
      None
Comment: RESET unused
__Vectors 00000000

Symbol: __Vectors
   Definitions
      At line 3 in file Lab2_Q1_writeup.asm
   Uses
      At line 2 in file Lab2_Q1_writeup.asm
Comment: __Vectors used once
2 symbols



ARM Macro Assembler    Page 1 Alphabetic symbol ordering
Relocatable symbols

Reset_Handler 00000000

Symbol: Reset_Handler
   Definitions
      At line 10 in file Lab2_Q1_writeup.asm
   Uses
      At line 5 in file Lab2_Q1_writeup.asm
      At line 9 in file Lab2_Q1_writeup.asm

SRC 00000054

Symbol: SRC
   Definitions
      At line 34 in file Lab2_Q1_writeup.asm
   Uses
      At line 11 in file Lab2_Q1_writeup.asm
Comment: SRC used once
STOP 00000050

Symbol: STOP
   Definitions
      At line 33 in file Lab2_Q1_writeup.asm
   Uses
      At line 33 in file Lab2_Q1_writeup.asm
Comment: STOP used once
mycode 00000000

Symbol: mycode
   Definitions
      At line 7 in file Lab2_Q1_writeup.asm
   Uses
      None
Comment: mycode unused
4 symbols



ARM Macro Assembler    Page 1 Alphabetic symbol ordering
Relocatable symbols

DST 00000000

Symbol: DST
   Definitions
      At line 36 in file Lab2_Q1_writeup.asm
   Uses
      At line 12 in file Lab2_Q1_writeup.asm
Comment: DST used once
mydata 00000000

Symbol: mydata
   Definitions
      At line 35 in file Lab2_Q1_writeup.asm
   Uses
      None
Comment: mydata unused
2 symbols
341 symbols in table
